[debug] [2020-11-26T23:27:20.799Z] ----------------------------------------------------------------------
[debug] [2020-11-26T23:27:20.801Z] Command:       C:\Program Files\nodejs\node.exe C:\Users\ronie\source\repos\instarpx\functions\node_modules\firebase-tools\lib\bin\firebase.js emulators:start --only functions
[debug] [2020-11-26T23:27:20.801Z] CLI Version:   8.16.2
[debug] [2020-11-26T23:27:20.801Z] Platform:      win32
[debug] [2020-11-26T23:27:20.801Z] Node Version:  v14.15.1
[debug] [2020-11-26T23:27:20.802Z] Time:          Thu Nov 26 2020 19:27:20 GMT-0400 (Bolivia Time)
[debug] [2020-11-26T23:27:20.802Z] ----------------------------------------------------------------------
[debug] [2020-11-26T23:27:20.802Z] 
[debug] [2020-11-26T23:27:20.820Z] > command requires scopes: ["email","openid","https://www.googleapis.com/auth/cloudplatformprojects.readonly","https://www.googleapis.com/auth/firebase","https://www.googleapis.com/auth/cloud-platform"]
[debug] [2020-11-26T23:27:20.820Z] > authorizing via signed-in user
[info] i  emulators: Starting emulators: functions {"metadata":{"emulator":{"name":"hub"},"message":"Starting emulators: functions"}}
[debug] [2020-11-26T23:27:20.842Z] [hub] writing locator at C:\Users\ronie\AppData\Local\Temp\hub-instarpx.json
[warn] !  functions: The following emulators are not running, calls to these services from the Functions emulator will affect production: auth, firestore, database, hosting, pubsub {"metadata":{"emulator":{"name":"functions"},"message":"The following emulators are not running, calls to these services from the Functions emulator will affect production: \u001b[1mauth, firestore, database, hosting, pubsub\u001b[22m"}}
[info] +  functions: Using node@14 from host. {"metadata":{"emulator":{"name":"functions"},"message":"Using node@14 from host."}}
[debug] [2020-11-26T23:27:20.869Z] defaultcredentials: writing to file C:\Users\ronie\AppData\Roaming\firebase\roniel06_rc_gmail.com_application_default_credentials.json
[debug] [2020-11-26T23:27:20.871Z] Setting GAC to C:\Users\ronie\AppData\Roaming\firebase\roniel06_rc_gmail.com_application_default_credentials.json {"metadata":{"emulator":{"name":"functions"},"message":"Setting GAC to C:\\Users\\ronie\\AppData\\Roaming\\firebase\\roniel06_rc_gmail.com_application_default_credentials.json"}}
[info] i  ui: downloading ui-v1.2.2.zip... {"metadata":{"emulator":{"name":"ui"},"message":"downloading ui-v1.2.2.zip..."}}
[debug] [2020-11-26T23:27:20.887Z] >>> [apiv2][query] GET https://storage.googleapis.com/firebase-preview-drop/emulator/ui-v1.2.2.zip [none]
[debug] [2020-11-26T23:27:21.082Z] <<< [apiv2][status] GET https://storage.googleapis.com/firebase-preview-drop/emulator/ui-v1.2.2.zip 200
[debug] [2020-11-26T23:27:21.082Z] <<< [apiv2][body] GET https://storage.googleapis.com/firebase-preview-drop/emulator/ui-v1.2.2.zip [stream]
[debug] [2020-11-26T23:27:21.878Z] Ignoring unsupported arg: auto_download {"metadata":{"emulator":{"name":"ui"},"message":"Ignoring unsupported arg: auto_download"}}
[debug] [2020-11-26T23:27:21.879Z] Ignoring unsupported arg: port {"metadata":{"emulator":{"name":"ui"},"message":"Ignoring unsupported arg: port"}}
[debug] [2020-11-26T23:27:21.879Z] Starting Emulator UI with command {"binary":"node","args":["C:\\Users\\ronie\\.cache\\firebase\\emulators\\ui-v1.2.2\\server.bundle.js"],"optionalArgs":[],"joinArgs":false} {"metadata":{"emulator":{"name":"ui"},"message":"Starting Emulator UI with command {\"binary\":\"node\",\"args\":[\"C:\\\\Users\\\\ronie\\\\.cache\\\\firebase\\\\emulators\\\\ui-v1.2.2\\\\server.bundle.js\"],\"optionalArgs\":[],\"joinArgs\":false}"}}
[info] i  ui: Emulator UI logging to ui-debug.log {"metadata":{"emulator":{"name":"ui"},"message":"Emulator UI logging to \u001b[1mui-debug.log\u001b[22m"}}
[debug] [2020-11-26T23:27:21.993Z] Web / API server started at http://localhost:4000
 {"metadata":{"emulator":{"name":"ui"},"message":"Web / API server started at http://localhost:4000\n"}}
[info] i  functions: Watching "C:\Users\ronie\source\repos\instarpx\functions" for Cloud Functions... {"metadata":{"emulator":{"name":"functions"},"message":"Watching \"C:\\Users\\ronie\\source\\repos\\instarpx\\functions\" for Cloud Functions..."}}
[debug] [2020-11-26T23:27:22.167Z] [worker-pool] addWorker(~diagnostic~) {"metadata":{"emulator":{"name":"functions"},"message":"[worker-pool] addWorker(~diagnostic~)"}}
[debug] [2020-11-26T23:27:22.167Z] [worker-pool] Adding worker with key ~diagnostic~, total=1 {"metadata":{"emulator":{"name":"functions"},"message":"[worker-pool] Adding worker with key ~diagnostic~, total=1"}}
[debug] [2020-11-26T23:27:22.167Z] [worker-pool] submitWork(triggerId=) {"metadata":{"emulator":{"name":"functions"},"message":"[worker-pool] submitWork(triggerId=)"}}
[debug] [2020-11-26T23:27:22.167Z] [worker-~diagnostic~-fd404b4a-4e41-427b-a7e1-627b0d0e18e4]: Assigning socketPath: \\?\pipe\C:\Users\ronie\source\repos\instarpx\functions\14052 {"metadata":{"emulator":{"name":"functions"},"message":"[worker-~diagnostic~-fd404b4a-4e41-427b-a7e1-627b0d0e18e4]: Assigning socketPath: \\\\?\\pipe\\C:\\Users\\ronie\\source\\repos\\instarpx\\functions\\14052"}}
[debug] [2020-11-26T23:27:22.167Z] [worker-~diagnostic~-fd404b4a-4e41-427b-a7e1-627b0d0e18e4]: BUSY {"metadata":{"emulator":{"name":"functions"},"message":"[worker-~diagnostic~-fd404b4a-4e41-427b-a7e1-627b0d0e18e4]: BUSY"}}
[debug] [2020-11-26T23:27:22.552Z] [runtime-status] [14052] Functions runtime initialized. {"cwd":"C:\\Users\\ronie\\source\\repos\\instarpx\\functions","node_version":"14.15.1"} {"metadata":{"emulator":{"name":"functions"},"message":"[runtime-status] [14052] Functions runtime initialized. {\"cwd\":\"C:\\\\Users\\\\ronie\\\\source\\\\repos\\\\instarpx\\\\functions\",\"node_version\":\"14.15.1\"}"}}
[debug] [2020-11-26T23:27:22.555Z] [runtime-status] [14052] Disabled runtime features: undefined {"metadata":{"emulator":{"name":"functions"},"message":"[runtime-status] [14052] Disabled runtime features: undefined"}}
[debug] [2020-11-26T23:27:22.558Z] [runtime-status] [14052] Resolved module firebase-admin {"declared":true,"installed":true,"version":"9.4.1","resolution":"C:\\Users\\ronie\\source\\repos\\instarpx\\functions\\node_modules\\firebase-admin\\lib\\index.js"} {"metadata":{"emulator":{"name":"functions"},"message":"[runtime-status] [14052] Resolved module firebase-admin {\"declared\":true,\"installed\":true,\"version\":\"9.4.1\",\"resolution\":\"C:\\\\Users\\\\ronie\\\\source\\\\repos\\\\instarpx\\\\functions\\\\node_modules\\\\firebase-admin\\\\lib\\\\index.js\"}"}}
[debug] [2020-11-26T23:27:22.561Z] [runtime-status] [14052] Resolved module firebase-functions {"declared":true,"installed":true,"version":"3.11.0","resolution":"C:\\Users\\ronie\\source\\repos\\instarpx\\functions\\node_modules\\firebase-functions\\lib\\index.js"} {"metadata":{"emulator":{"name":"functions"},"message":"[runtime-status] [14052] Resolved module firebase-functions {\"declared\":true,\"installed\":true,\"version\":\"3.11.0\",\"resolution\":\"C:\\\\Users\\\\ronie\\\\source\\\\repos\\\\instarpx\\\\functions\\\\node_modules\\\\firebase-functions\\\\lib\\\\index.js\"}"}}
[debug] [2020-11-26T23:27:22.562Z] [runtime-status] [14052] Resolved module firebase-functions {"declared":true,"installed":true,"version":"3.11.0","resolution":"C:\\Users\\ronie\\source\\repos\\instarpx\\functions\\node_modules\\firebase-functions\\lib\\index.js"} {"metadata":{"emulator":{"name":"functions"},"message":"[runtime-status] [14052] Resolved module firebase-functions {\"declared\":true,\"installed\":true,\"version\":\"3.11.0\",\"resolution\":\"C:\\\\Users\\\\ronie\\\\source\\\\repos\\\\instarpx\\\\functions\\\\node_modules\\\\firebase-functions\\\\lib\\\\index.js\"}"}}
[debug] [2020-11-26T23:27:22.564Z] [runtime-status] [14052] Outgoing network have been stubbed. [{"name":"http","status":"mocked"},{"name":"http","status":"mocked"},{"name":"https","status":"mocked"},{"name":"https","status":"mocked"},{"name":"net","status":"mocked"}] {"metadata":{"emulator":{"name":"functions"},"message":"[runtime-status] [14052] Outgoing network have been stubbed. [{\"name\":\"http\",\"status\":\"mocked\"},{\"name\":\"http\",\"status\":\"mocked\"},{\"name\":\"https\",\"status\":\"mocked\"},{\"name\":\"https\",\"status\":\"mocked\"},{\"name\":\"net\",\"status\":\"mocked\"}]"}}
[debug] [2020-11-26T23:27:22.564Z] [runtime-status] [14052] Resolved module firebase-functions {"declared":true,"installed":true,"version":"3.11.0","resolution":"C:\\Users\\ronie\\source\\repos\\instarpx\\functions\\node_modules\\firebase-functions\\lib\\index.js"} {"metadata":{"emulator":{"name":"functions"},"message":"[runtime-status] [14052] Resolved module firebase-functions {\"declared\":true,\"installed\":true,\"version\":\"3.11.0\",\"resolution\":\"C:\\\\Users\\\\ronie\\\\source\\\\repos\\\\instarpx\\\\functions\\\\node_modules\\\\firebase-functions\\\\lib\\\\index.js\"}"}}
[debug] [2020-11-26T23:27:22.599Z] [runtime-status] [14052] Checked functions.config() {"config":{}} {"metadata":{"emulator":{"name":"functions"},"message":"[runtime-status] [14052] Checked functions.config() {\"config\":{}}"}}
[debug] [2020-11-26T23:27:22.599Z] [runtime-status] [14052] firebase-functions has been stubbed. {"functionsResolution":{"declared":true,"installed":true,"version":"3.11.0","resolution":"C:\\Users\\ronie\\source\\repos\\instarpx\\functions\\node_modules\\firebase-functions\\lib\\index.js"}} {"metadata":{"emulator":{"name":"functions"},"message":"[runtime-status] [14052] firebase-functions has been stubbed. {\"functionsResolution\":{\"declared\":true,\"installed\":true,\"version\":\"3.11.0\",\"resolution\":\"C:\\\\Users\\\\ronie\\\\source\\\\repos\\\\instarpx\\\\functions\\\\node_modules\\\\firebase-functions\\\\lib\\\\index.js\"}}"}}
[debug] [2020-11-26T23:27:22.600Z] [runtime-status] [14052] Resolved module firebase-functions {"declared":true,"installed":true,"version":"3.11.0","resolution":"C:\\Users\\ronie\\source\\repos\\instarpx\\functions\\node_modules\\firebase-functions\\lib\\index.js"} {"metadata":{"emulator":{"name":"functions"},"message":"[runtime-status] [14052] Resolved module firebase-functions {\"declared\":true,\"installed\":true,\"version\":\"3.11.0\",\"resolution\":\"C:\\\\Users\\\\ronie\\\\source\\\\repos\\\\instarpx\\\\functions\\\\node_modules\\\\firebase-functions\\\\lib\\\\index.js\"}"}}
[debug] [2020-11-26T23:27:22.601Z] [runtime-status] [14052] Resolved module firebase-admin {"declared":true,"installed":true,"version":"9.4.1","resolution":"C:\\Users\\ronie\\source\\repos\\instarpx\\functions\\node_modules\\firebase-admin\\lib\\index.js"} {"metadata":{"emulator":{"name":"functions"},"message":"[runtime-status] [14052] Resolved module firebase-admin {\"declared\":true,\"installed\":true,\"version\":\"9.4.1\",\"resolution\":\"C:\\\\Users\\\\ronie\\\\source\\\\repos\\\\instarpx\\\\functions\\\\node_modules\\\\firebase-admin\\\\lib\\\\index.js\"}"}}
[debug] [2020-11-26T23:27:22.601Z] [runtime-status] [14052] Resolved module firebase-functions {"declared":true,"installed":true,"version":"3.11.0","resolution":"C:\\Users\\ronie\\source\\repos\\instarpx\\functions\\node_modules\\firebase-functions\\lib\\index.js"} {"metadata":{"emulator":{"name":"functions"},"message":"[runtime-status] [14052] Resolved module firebase-functions {\"declared\":true,\"installed\":true,\"version\":\"3.11.0\",\"resolution\":\"C:\\\\Users\\\\ronie\\\\source\\\\repos\\\\instarpx\\\\functions\\\\node_modules\\\\firebase-functions\\\\lib\\\\index.js\"}"}}
[debug] [2020-11-26T23:27:22.601Z] [runtime-status] [14052] firebase-admin has been stubbed. {"adminResolution":{"declared":true,"installed":true,"version":"9.4.1","resolution":"C:\\Users\\ronie\\source\\repos\\instarpx\\functions\\node_modules\\firebase-admin\\lib\\index.js"}} {"metadata":{"emulator":{"name":"functions"},"message":"[runtime-status] [14052] firebase-admin has been stubbed. {\"adminResolution\":{\"declared\":true,\"installed\":true,\"version\":\"9.4.1\",\"resolution\":\"C:\\\\Users\\\\ronie\\\\source\\\\repos\\\\instarpx\\\\functions\\\\node_modules\\\\firebase-admin\\\\lib\\\\index.js\"}}"}}
[info] +  functions[helloWorld]: http function initialized (http://localhost:5001/instarpx/us-central1/helloWorld). {"metadata":{"emulator":{"name":"functions"},"message":"\u001b[1mhttp\u001b[22m function initialized (http://localhost:5001/instarpx/us-central1/helloWorld)."}}
[info] 
┌────────────────────────────────────────────────────────────────┐
│ ✔  All emulators ready! View status and logs at localhost:4000 │
└────────────────────────────────────────────────────────────────┘

┌───────────┬────────────────┬──────────────────────────┐
│ Emulator  │ Host:Port      │ View in Emulator UI      │
├───────────┼────────────────┼──────────────────────────┤
│ Functions │ localhost:5001 │ localhost:4000/functions │
└───────────┴────────────────┴──────────────────────────┘
  Other reserved ports: 4400, 4500

Issues? Report them at https://github.com/firebase/firebase-tools/issues and attach the *-debug.log files.
 
[debug] [2020-11-26T23:27:22.614Z] [worker-~diagnostic~-fd404b4a-4e41-427b-a7e1-627b0d0e18e4]: IDLE {"metadata":{"emulator":{"name":"functions"},"message":"[worker-~diagnostic~-fd404b4a-4e41-427b-a7e1-627b0d0e18e4]: IDLE"}}
[debug] [2020-11-27T02:13:34.669Z] [worker-~diagnostic~-fd404b4a-4e41-427b-a7e1-627b0d0e18e4]: exited {"metadata":{"emulator":{"name":"functions"},"message":"[worker-~diagnostic~-fd404b4a-4e41-427b-a7e1-627b0d0e18e4]: exited"}}
[debug] [2020-11-27T02:13:34.669Z] [worker-~diagnostic~-fd404b4a-4e41-427b-a7e1-627b0d0e18e4]: FINISHED {"metadata":{"emulator":{"name":"functions"},"message":"[worker-~diagnostic~-fd404b4a-4e41-427b-a7e1-627b0d0e18e4]: FINISHED"}}
